\BOOKMARK [1][-]{Doc-Start}{\376\377\000T\000\363\000m\000\040\000t\036\257\000t\000\040\001\021\000\363\000n\000g\000\040\000g\000\363\000p\000\040\000c\036\347\000a\000\040\000c\000\341\000c\000\040\000t\000h\000\340\000n\000h\000\040\000v\000i\000\352\000n}{}% 1
\BOOKMARK [1][-]{section.1}{\376\377\000G\000i\036\333\000i\000\040\000t\000h\000i\036\307\000u\000\040\001\021\036\301\000\040\000t\000\340\000i}{}% 2
\BOOKMARK [2][-]{subsection.1.1}{\376\377\000B\036\321\000i\000\040\000c\036\243\000n\000h\000\040\001\021\036\301\000\040\000t\000\340\000i}{section.1}% 3
\BOOKMARK [2][-]{subsection.1.2}{\376\377\000T\036\325\000n\000g\000\040\000q\000u\000a\000n\000\040\001\021\036\301\000\040\000t\000\340\000i}{section.1}% 4
\BOOKMARK [2][-]{subsection.1.3}{\376\377\000M\036\345\000c\000\040\000t\000i\000\352\000u\000\040\001\021\036\301\000\040\000t\000\340\000i}{section.1}% 5
\BOOKMARK [2][-]{subsection.1.4}{\376\377\000T\000h\000\364\000n\000g\000\040\000t\000i\000n\000\040\000c\036\247\000n\000\040\000k\000i\036\303\000m\000\040\000c\000h\036\351\000n\000g\000\040\000v\000\340\000\040\000n\000g\000u\036\323\000n\000\040\000t\000r\000\355\000c\000h\000\040\000d\036\253\000n}{section.1}% 6
\BOOKMARK [2][-]{subsection.1.5}{\376\377\000P\000h\036\241\000m\000\040\000v\000i\000\040\000t\000h\036\361\000c\000\040\000h\000i\036\307\000n}{section.1}% 7
\BOOKMARK [1][-]{section.2}{\376\377\000P\000h\001\260\001\241\000n\000g\000\040\000p\000h\000\341\000p\000\040\000l\000u\036\255\000n}{}% 8
\BOOKMARK [2][-]{subsection.2.1}{\376\377\000C\001\241\000\040\000s\036\337\000\040\000l\000\375\000\040\000t\000h\000u\000y\036\277\000t\000\040\000n\036\301\000n\000\040\000t\036\243\000n\000g}{section.2}% 9
\BOOKMARK [3][-]{subsubsection.2.1.1}{\376\377\000K\000i\036\277\000n\000\040\000t\000r\000\372\000c\000\040\000V\000o\000n\000\040\000N\000e\000u\000m\000a\000n\000n}{subsection.2.1}% 10
\BOOKMARK [3][-]{subsubsection.2.1.2}{\376\377\000C\000P\000U\000\040\0001\0006\000-\000b\000i\000t}{subsection.2.1}% 11
\BOOKMARK [3][-]{subsubsection.2.1.3}{\376\377\000P\000i\000p\000e\000l\000i\000n\000e\000\040\0005\000\040\000t\036\247\000n\000g}{subsection.2.1}% 12
\BOOKMARK [3][-]{subsubsection.2.1.4}{\376\377\000I\000n\000s\000t\000r\000u\000c\000t\000i\000o\000n\000\040\000S\000e\000t\000\040\000A\000r\000c\000h\000i\000t\000e\000c\000t\000u\000r\000e\000\040\040\024\000\040\000I\000S\000A}{subsection.2.1}% 13
\BOOKMARK [3][-]{subsubsection.2.1.5}{\376\377\000C\036\245\000u\000\040\000t\000r\000\372\000c\000\040\000T\036\325\000n\000g\000\040\000t\000h\036\303\000\040\001\020\001\260\036\335\000n\000g\000\040\036\321\000n\000g\000\040\000D\036\357\000\040\000l\000i\036\307\000u\000\040\000\050\000D\000a\000t\000a\000p\000a\000t\000h\000\051}{subsection.2.1}% 14
\BOOKMARK [3][-]{subsubsection.2.1.6}{\376\377\000K\000h\036\321\000i\000\040\000T\000\355\000n\000h\000\040\000t\000o\000\341\000n\000\040\000T\000r\000u\000n\000g\000\040\000t\000\342\000m\000\040\000\050\000A\000L\000U\000\051}{subsection.2.1}% 15
\BOOKMARK [3][-]{subsubsection.2.1.7}{\376\377\000T\036\255\000p\000\040\000t\000h\000a\000n\000h\000\040\000g\000h\000i\000\040\000\050\000R\000e\000g\000i\000s\000t\000e\000r\000\040\000F\000i\000l\000e\000\051}{subsection.2.1}% 16
\BOOKMARK [3][-]{subsubsection.2.1.8}{\376\377\000C\000o\000n\000t\000r\000o\000l\000\040\000U\000n\000i\000t}{subsection.2.1}% 17
\BOOKMARK [3][-]{subsubsection.2.1.9}{\376\377\000C\000a\000c\000h\000e\000\040\000M\000e\000m\000o\000r\000y}{subsection.2.1}% 18
\BOOKMARK [3][-]{subsubsection.2.1.10}{\376\377\000M\000a\000i\000n\000\040\000M\000e\000m\000o\000r\000y\000\040\000c\000\363\000\040\000D\000e\000l\000a\000y}{subsection.2.1}% 19
\BOOKMARK [3][-]{subsubsection.2.1.11}{\376\377\000H\000a\000z\000a\000r\000d\000\040\000t\000r\000o\000n\000g\000\040\000P\000i\000p\000e\000l\000i\000n\000e}{subsection.2.1}% 20
\BOOKMARK [2][-]{subsection.2.2}{\376\377\000P\000h\000\342\000n\000\040\000t\000\355\000c\000h\000\040\000y\000\352\000u\000\040\000c\036\247\000u\000\040\000h\036\307\000\040\000t\000h\036\321\000n\000g}{section.2}% 21
\BOOKMARK [3][-]{subsubsection.2.2.1}{\376\377\000Y\000\352\000u\000\040\000c\036\247\000u\000\040\000c\000h\036\351\000c\000\040\000n\001\003\000n\000g}{subsection.2.2}% 22
\BOOKMARK [3][-]{subsubsection.2.2.2}{\376\377\000Y\000\352\000u\000\040\000c\036\247\000u\000\040\000p\000h\000i\000\040\000c\000h\036\351\000c\000\040\000n\001\003\000n\000g}{subsection.2.2}% 23
\BOOKMARK [2][-]{subsection.2.3}{\376\377\000T\000h\000i\036\277\000t\000\040\000k\036\277\000\040\000h\036\307\000\040\000t\000h\036\321\000n\000g}{section.2}% 24
\BOOKMARK [3][-]{subsubsection.2.3.1}{\376\377\000T\036\325\000n\000g\000\040\000q\000u\000a\000n\000\040\000k\000i\036\277\000n\000\040\000t\000r\000\372\000c\000\040\000h\036\307\000\040\000t\000h\036\321\000n\000g}{subsection.2.3}% 25
\BOOKMARK [3][-]{subsubsection.2.3.2}{\376\377\000L\000u\036\323\000n\000g\000\040\000p\000i\000p\000e\000l\000i\000n\000e\000\040\000v\000\340\000\040\000x\036\355\000\040\000l\000\375\000\040\000x\000u\000n\000g\000\040\001\021\036\331\000t}{subsection.2.3}% 26
\BOOKMARK [3][-]{subsubsection.2.3.3}{\376\377\000T\036\325\000n\000g\000\040\000q\000u\000a\000n\000\040\000g\000i\000a\000o\000\040\000d\000i\036\307\000n\000\040\000m\000o\000d\000u\000l\000e}{subsection.2.3}% 27
\BOOKMARK [3][-]{subsubsection.2.3.4}{\376\377\000G\000h\000i\000\040\000c\000h\000\372\000\040\000p\000h\036\241\000m\000\040\000v\000i\000\040\000t\000h\000i\036\277\000t\000\040\000k\036\277}{subsection.2.3}% 28
\BOOKMARK [3][-]{subsubsection.2.3.5}{\376\377\000K\000i\036\277\000n\000\040\000t\000r\000\372\000c\000\040\000t\036\325\000n\000g\000\040\000t\000h\036\303}{subsection.2.3}% 29
\BOOKMARK [3][-]{subsubsection.2.3.6}{\376\377\000T\000h\000i\036\277\000t\000\040\000k\036\277\000\040\000m\000o\000d\000u\000l\000e\000\040\000C\000P\000U\000\040\000C\000o\000r\000e}{subsection.2.3}% 30
\BOOKMARK [3][-]{subsubsection.2.3.7}{\376\377\000T\000h\000i\036\277\000t\000\040\000k\036\277\000\040\000D\000a\000t\000a\000p\000a\000t\000h\000\040\000\046\000\040\000A\000L\000U}{subsection.2.3}% 31
\BOOKMARK [3][-]{subsubsection.2.3.8}{\376\377\000T\000h\000i\036\277\000t\000\040\000k\036\277\000\040\000C\000o\000n\000t\000r\000o\000l\000\040\000U\000n\000i\000t}{subsection.2.3}% 32
\BOOKMARK [3][-]{subsubsection.2.3.9}{\376\377\000T\000h\000i\036\277\000t\000\040\000k\036\277\000\040\000P\000i\000p\000e\000l\000i\000n\000e\000\040\000R\000e\000g\000i\000s\000t\000e\000r\000s}{subsection.2.3}% 33
\BOOKMARK [3][-]{subsubsection.2.3.10}{\376\377\000T\000h\000i\036\277\000t\000\040\000k\036\277\000\040\000H\000a\000z\000a\000r\000d\000\040\000D\000e\000t\000e\000c\000t\000i\000o\000n\000\040\000\046\000\040\000F\000o\000r\000w\000a\000r\000d\000i\000n\000g}{subsection.2.3}% 34
\BOOKMARK [3][-]{subsubsection.2.3.11}{\376\377\000T\000h\000i\036\277\000t\000\040\000k\036\277\000\040\000M\000e\000m\000o\000r\000y\000\040\000A\000r\000b\000i\000t\000e\000r}{subsection.2.3}% 35
\BOOKMARK [3][-]{subsubsection.2.3.12}{\376\377\000T\000h\000i\036\277\000t\000\040\000k\036\277\000\040\000D\000i\000r\000e\000c\000t\000-\000M\000a\000p\000p\000e\000d\000\040\000C\000a\000c\000h\000e}{subsection.2.3}% 36
\BOOKMARK [3][-]{subsubsection.2.3.13}{\376\377\000T\000h\000i\036\277\000t\000\040\000k\036\277\000\040\000M\000a\000i\000n\000\040\000M\000e\000m\000o\000r\000y}{subsection.2.3}% 37
\BOOKMARK [3][-]{subsubsection.2.3.14}{\376\377\000T\000h\000i\036\277\000t\000\040\000k\036\277\000\040\000P\000y\000t\000h\000o\000n\000\040\000A\000s\000s\000e\000m\000b\000l\000e\000r}{subsection.2.3}% 38
\BOOKMARK [2][-]{subsection.2.4}{\376\377\000Q\000u\000\341\000\040\000t\000r\000\354\000n\000h\000\040\000x\000\342\000y\000\040\000d\036\361\000n\000g\000\040\000h\036\307\000\040\000t\000h\036\321\000n\000g}{section.2}% 39
\BOOKMARK [3][-]{subsubsection.2.4.1}{\376\377\000Q\000u\000y\000\040\000t\000r\000\354\000n\000h\000\040\000t\000r\000i\036\303\000n\000\040\000k\000h\000a\000i}{subsection.2.4}% 40
\BOOKMARK [3][-]{subsubsection.2.4.2}{\376\377\000X\000\342\000y\000\040\000d\036\361\000n\000g\000\040\000D\000a\000t\000a\000p\000a\000t\000h\000,\000\040\000A\000L\000U\000,\000\040\000R\000e\000g\000i\000s\000t\000e\000r\000\040\000F\000i\000l\000e}{subsection.2.4}% 41
\BOOKMARK [3][-]{subsubsection.2.4.3}{\376\377\000X\000\342\000y\000\040\000d\036\361\000n\000g\000\040\000C\000a\000c\000h\000e\000,\000\040\000R\000A\000M\000\040\000v\000\340\000\040\000M\000e\000m\000o\000r\000y\000\040\000A\000r\000b\000i\000t\000e\000r}{subsection.2.4}% 42
\BOOKMARK [3][-]{subsubsection.2.4.4}{\376\377\000X\000\342\000y\000\040\000d\036\361\000n\000g\000\040\000C\000o\000n\000t\000r\000o\000l\000,\000\040\000P\000i\000p\000e\000l\000i\000n\000e\000\040\000v\000\340\000\040\000C\000P\000U\000\040\000C\000o\000r\000e}{subsection.2.4}% 43
\BOOKMARK [3][-]{subsubsection.2.4.5}{\376\377\000X\000\342\000y\000\040\000d\036\361\000n\000g\000\040\000T\000e\000s\000t\000b\000e\000n\000c\000h\000,\000\040\000A\000s\000s\000e\000m\000b\000l\000e\000r\000\040\000v\000\340\000\040\000D\000e\000m\000o\000\040\000P\000r\000o\000g\000r\000a\000m}{subsection.2.4}% 44
\BOOKMARK [1][-]{section.3}{\376\377\000K\036\277\000t\000\040\000q\000u\036\243\000\040\000v\000\340\000\040\000b\000\340\000n\000\040\000l\000u\036\255\000n}{}% 45
\BOOKMARK [2][-]{subsection.3.1}{\376\377\000C\000h\000i\036\277\000n\000\040\000l\001\260\036\343\000c\000\040\000k\000i\036\303\000m\000\040\000t\000h\036\355}{section.3}% 46
\BOOKMARK [2][-]{subsection.3.2}{\376\377\000T\000e\000s\000t\000b\000e\000n\000c\000h\000\040\000t\036\353\000n\000g\000\040\000m\000o\000d\000u\000l\000e}{section.3}% 47
\BOOKMARK [2][-]{subsection.3.3}{\376\377\000K\000i\036\303\000m\000\040\000t\000h\036\355\000\040\000c\000h\001\260\001\241\000n\000g\000\040\000t\000r\000\354\000n\000h\000\040\000A\000s\000s\000e\000m\000b\000l\000y}{section.3}% 48
\BOOKMARK [2][-]{subsection.3.4}{\376\377\000W\000a\000v\000e\000f\000o\000r\000m\000\040\000m\000i\000n\000h\000\040\000h\036\315\000a}{section.3}% 49
\BOOKMARK [2][-]{subsection.3.5}{\376\377\000B\036\243\000n\000g\000\040\000t\036\325\000n\000g\000\040\000h\036\343\000p\000\040\000k\036\277\000t\000\040\000q\000u\036\243\000\040\000k\000i\036\303\000m\000\040\000t\000h\036\355}{section.3}% 50
\BOOKMARK [2][-]{subsection.3.6}{\376\377\001\020\000\341\000n\000h\000\040\000g\000i\000\341\000\040\000h\036\307\000\040\000t\000h\036\321\000n\000g}{section.3}% 51
\BOOKMARK [3][-]{subsubsection.3.6.1}{\376\377\000K\036\277\000t\000\040\000q\000u\036\243\000\040\001\021\036\241\000t\000\040\001\021\001\260\036\343\000c}{subsection.3.6}% 52
\BOOKMARK [3][-]{subsubsection.3.6.2}{\376\377\000H\036\241\000n\000\040\000c\000h\036\277}{subsection.3.6}% 53
\BOOKMARK [3][-]{subsubsection.3.6.3}{\376\377\000H\001\260\036\333\000n\000g\000\040\000p\000h\000\341\000t\000\040\000t\000r\000i\036\303\000n}{subsection.3.6}% 54
\BOOKMARK [2][-]{subsection.3.7}{\376\377\000K\036\277\000t\000\040\000l\000u\036\255\000n}{section.3}% 55
\BOOKMARK [1][-]{section.4}{\376\377\000T\000\340\000i\000\040\000l\000i\036\307\000u\000\040\000t\000h\000a\000m\000\040\000k\000h\036\243\000o}{}% 56
\BOOKMARK [1][-]{section.5}{\376\377\000P\000h\036\345\000\040\000l\036\345\000c}{}% 57
\BOOKMARK [2][-]{subsection.5.1}{\376\377\000C\036\245\000u\000\040\000t\000r\000\372\000c\000\040\000t\000h\001\260\000\040\000m\036\345\000c\000\040\000p\000r\000o\000j\000e\000c\000t}{section.5}% 58
\BOOKMARK [2][-]{subsection.5.2}{\376\377\000L\036\307\000n\000h\000\040\000m\000\364\000\040\000p\000h\036\317\000n\000g}{section.5}% 59
\BOOKMARK [2][-]{subsection.5.3}{\376\377\000C\000o\000d\000e\000\040\000q\000u\000a\000n\000\040\000t\000r\036\315\000n\000g}{section.5}% 60
\BOOKMARK [2][-]{subsection.5.4}{\376\377\000G\036\343\000i\000\040\000\375\000\040\000c\000h\000i\000a\000\040\000f\000i\000l\000e\000\040\000t\000r\000o\000n\000g\000\040\000t\000h\001\260\000\040\000m\036\345\000c\000\040\000d\000o\000c\000s\000/}{section.5}% 61
\BOOKMARK [2][-]{subsection.5.5}{\376\377\000C\000h\000e\000c\000k\000l\000i\000s\000t\000\040\000h\000o\000\340\000n\000\040\000t\000h\000\340\000n\000h\000\040\000b\000\341\000o\000\040\000c\000\341\000o}{section.5}% 62
\BOOKMARK [2][-]{subsection.5.6}{\376\377\000L\001\260\000u\000\040\000\375\000\040\000k\000h\000i\000\040\000v\000i\036\277\000t\000\040\000b\000\341\000o\000\040\000c\000\341\000o}{section.5}% 63
